#
# Copyright (c) 2010 Nokia Corporation and/or its subsidiary(-ies).
# All rights reserved.
# This component and the accompanying materials are made available
# under the terms of "Eclipse Public License v1.0"
# which accompanies this distribution, and is available
# at the URL "http://www.eclipse.org/legal/epl-v10.html".
#
# Initial Contributors:
# Nokia Corporation - initial contribution.
#
# Contributors:
#
# Description: 
#

component	app-services_chinesecalendaralgorithm
source	\sf\app\organizer\pimappsupport\chinesecalendaralg
binary	\sf\app\organizer\pimappsupport\chinesecalendaralg\group	all
exports	\sf\app\organizer\pimappsupport\chinesecalendaralg\group
notes_source	\component_defs\release.src


#  == IPR section auto-inserted from distribution.policy files  ==
ipr T 
ipr E \sf\app\organizer\pimappsupport\chinesecalendaralg\pluginsrc\table1900-2100

# == end auto-inserted section ==
