#
# Copyright (c) 2010 Nokia Corporation and/or its subsidiary(-ies).
# All rights reserved.
# This component and the accompanying materials are made available
# under the terms of "Eclipse Public License v1.0"
# which accompanies this distribution, and is available
# at the URL "http://www.eclipse.org/legal/epl-v10.html".
#
# Initial Contributors:
# Nokia Corporation - initial contribution.
#
# Contributors:
#
# Description: 
#

component	app-services_versit
source	\sf\app\organizer\pimappsupport\vcardandvcal
binary	\sf\app\organizer\pimappsupport\vcardandvcal\group	all
exports	\sf\app\organizer\pimappsupport\vcardandvcal\group
notes_source	\component_defs\release.src


ipr E 
ipr T \sf\app\organizer\pimappsupport\vcardandvcal\TestFiles
ipr T \sf\app\organizer\pimappsupport\vcardandvcal\TestvCals
ipr T \sf\app\organizer\pimappsupport\vcardandvcal\TestvCards
ipr T \sf\app\organizer\pimappsupport\vcardandvcal\tsrc

