#
# Copyright (c) 2010 Nokia Corporation and/or its subsidiary(-ies).
# All rights reserved.
# This component and the accompanying materials are made available
# under the terms of "Eclipse Public License v1.0"
# which accompanies this distribution, and is available
# at the URL "http://www.eclipse.org/legal/epl-v10.html".
#
# Initial Contributors:
# Nokia Corporation - initial contribution.
#
# Contributors:
#
# Description: 
#

component	app-engines_calendar
source	\sf\app\organizer\pimappservices\calendar
binary	\sf\app\organizer\pimappservices\calendar\group	all
exports	\sf\app\organizer\pimappservices\calendar\group

notes_source	\component_defs\release.src

ipr E 
ipr T \sf\app\organizer\pimappservices\calendar\tsrc
ipr T \sf\app\organizer\pimappservices\calendar\test
